\BOOKMARK [0][-]{chapter.1}{\376\377\000I\000n\000t\000r\000o\000d\000u\000c\000t\000i\000e\000\040\000m\000o\000d\000u\000l\000e\000\040\0002}{}% 1
\BOOKMARK [0][-]{chapter.2}{\376\377\000F\000o\000u\000t\000e\000n\000p\000r\000o\000p\000a\000g\000a\000t\000i\000e}{}% 2
\BOOKMARK [1][-]{section.2.1}{\376\377\000B\000a\000s\000i\000s\000r\000e\000g\000e\000l}{chapter.2}% 3
\BOOKMARK [1][-]{section.2.2}{\376\377\000S\000o\000m\000\040\000e\000n\000\040\000v\000e\000r\000s\000c\000h\000i\000l}{chapter.2}% 4
\BOOKMARK [1][-]{section.2.3}{\376\377\000V\000e\000r\000m\000e\000n\000i\000g\000v\000u\000l\000d\000i\000g\000e\000n\000\040\000m\000e\000t\000\040\000c\000o\000n\000s\000t\000a\000n\000t\000e}{chapter.2}% 5
\BOOKMARK [1][-]{section.2.4}{\376\377\000V\000e\000r\000m\000e\000n\000i\000g\000v\000u\000l\000d\000i\000g\000e\000n\000\040\000m\000e\000t\000\040\000v\000a\000r\000i\000a\000b\000e\000l\000e\000n}{chapter.2}% 6
\BOOKMARK [0][-]{chapter.3}{\376\377\000W\000e\000t\000\040\000v\000a\000n\000\040\000G\000r\000o\000t\000e\000\040\000A\000a\000n\000t\000a\000l\000l\000e\000n}{}% 7
\BOOKMARK [1][-]{section.3.1}{\376\377\000D\000e\000\040\000\134\000s\000q\000r\000t\000\173\000n\000\175\000-\000w\000e\000t}{chapter.3}% 8
\BOOKMARK [1][-]{section.3.2}{\376\377\000D\000e\000\040\000w\000e\000t\000\040\000v\000a\000n\000\040\000G\000r\000o\000t\000e\000\040\000A\000a\000n\000t\000a\000l\000l\000e\000n}{chapter.3}% 9
\BOOKMARK [0][-]{chapter.4}{\376\377\000M\000e\000e\000r\000d\000i\000m\000e\000n\000s\000i\000o\000n\000a\000l\000e\000\040\000d\000a\000t\000a\000s\000e\000t\000s}{}% 10
\BOOKMARK [1][-]{section.4.1}{\376\377\000V\000a\000r\000i\000a\000n\000t\000i\000e\000\040\000e\000n\000\040\000c\000o\000v\000a\000r\000i\000a\000n\000t\000i\000e}{chapter.4}% 11
\BOOKMARK [1][-]{section.4.2}{\376\377\000C\000o\000r\000r\000e\000l\000a\000t\000i\000e}{chapter.4}% 12
\BOOKMARK [1][-]{section.4.3}{\376\377\000C\000o\000r\000r\000e\000l\000a\000t\000i\000e\000\040\000e\000n\000\040\000c\000a\000u\000s\000a\000l\000i\000t\000e\000i\000t}{chapter.4}% 13
\BOOKMARK [0][-]{chapter.5}{\376\377\000E\000x\000t\000r\000a\000\040\000k\000a\000n\000s\000\040\000r\000e\000k\000e\000n\000r\000e\000g\000e\000l\000s}{}% 14
\BOOKMARK [1][-]{section.5.1}{\376\377\000D\000e\000\040\000o\000f\000\040\000r\000e\000g\000e\000l\000\040\000w\000a\000n\000n\000e\000e\000r\000\040\000A\000\040\000e\000n\000\040\000B\000\040\000n\000i\000e\000t\000\040\000w\000e\000d\000e\000r\000z\000i\000j\000d\000s\000\040\000u\000i\000t\000s\000l\000u\000i\000t\000e\000n\000d\000\040\000z\000i\000j\000n\000:}{chapter.5}% 15
\BOOKMARK [1][-]{section.5.2}{\376\377\000C\000o\000n\000d\000i\000t\000i\000o\000n\000e\000l\000e\000\040\000k\000a\000n\000s}{chapter.5}% 16
\BOOKMARK [1][-]{section.5.3}{\376\377\000B\000a\000y\000e\000s\000\040\000t\000h\000e\000o\000r\000e\000m\000a}{chapter.5}% 17
\BOOKMARK [0][-]{chapter.6}{\376\377\000O\000p\000d\000r\000a\000c\000h\000t\000e\000n\000\040\000m\000o\000d\000u\000l\000e\000\040\0002}{}% 18
\BOOKMARK [1][-]{section.6.1}{\376\377\000O\000p\000d\000r\000a\000c\000h\000t\000\040\000M\0002\000.\0001\000\040\000G\000r\000o\000t\000e\000\040\000A\000a\000n\000t\000a\000l\000l\000e\000n\000\040\000I\000I\000\040\000*\000*}{chapter.6}% 19
\BOOKMARK [1][-]{section.6.2}{\376\377\000M\0002\000.\0002\000\040\000M\000e\000e\000s\000j\000e\000s\000\040\000*\000*\000*\000*}{chapter.6}% 20
\BOOKMARK [1][-]{section.6.3}{\376\377\000M\0002\000.\0003\000\040\000H\000a\000l\000f\000w\000a\000a\000r\000d\000e\000d\000i\000k\000t\000e\000\040\000I\000I\000\040\000*\000*\000*}{chapter.6}% 21
